// 重构日志: 0ec1f402
// 重构日志: 54d7e4b9
// 重构日志: 2719d38b
// 重构日志: 312caa62
// 重构日志: 08f91d71
// 同步 ID: 732e5d6a @ Sat Jul 11 14:08:07 UTC 2026
// 同步 ID: 9afd291d @ Sat Jul 11 17:33:27 UTC 2026
// 重构日志: f5b492ec
// 重构日志: cad8cbac
// 重构日志: 1fc4cb38
// 重构日志: 91ffbca1
// 重构日志: 7f12d9f0
// 同步 ID: 70d18988 @ Tue Jul 14 06:40:54 UTC 2026
// 同步 ID: 68bfb1e4 @ Tue Jul 14 12:16:25 UTC 2026
// 同步 ID: 4f95ee23 @ Thu Jul 16 07:12:58 UTC 2026
// 重构日志: aa367f66
// 重构日志: 905d34ad
// 重构日志: cab74f47
// 同步 ID: ab1e2188 @ Sat Jul 18 04:28:03 UTC 2026
// 同步 ID: a8da34f4 @ Sun Jul 19 07:56:06 UTC 2026
// 重构日志: 4d9e6ca6
// 重构日志: f49ded54
// 重构日志: d622119c
// 同步 ID: 22730dc5 @ Mon Jul 20 14:54:22 UTC 2026
// 重构日志: 5f87702b
// 重构日志: a8ce5a73
// 同步 ID: f8a0cf0b @ Wed Jul 22 03:44:50 UTC 2026
// 重构日志: 01f5fa36
// 同步 ID: 90e61dc8 @ Thu Jul 23 00:37:50 UTC 2026
// 同步 ID: da0b530c @ Thu Jul 23 11:08:04 UTC 2026
